[21:19:39] [main/INFO]: Loading Minecraft 1.21.8 with Fabric Loader 0.19.2
[21:19:39] [main/INFO]: Loading 41 mods:
	- fabric-api 0.136.1+1.21.8
	   |-- fabric-api-base 0.5.0+cd8c0daa2c
	   |-- fabric-api-lookup-api-v1 1.6.101+946bf4c32c
	   |-- fabric-biome-api-v1 16.1.0+c21d71cc2c
	   |-- fabric-block-api-v1 1.1.3+946bf4c32c
	   |-- fabric-block-view-api-v2 1.0.31+946bf4c32c
	   |-- fabric-command-api-v2 2.3.1+52fff9ec2c
	   |-- fabric-content-registries-v0 10.1.0+c75de69d2c
	   |-- fabric-convention-tags-v1 2.1.41+7f945d5b2c
	   |-- fabric-convention-tags-v2 2.15.6+eb5df52f2c
	   |-- fabric-crash-report-info-v1 0.3.15+946bf4c32c
	   |-- fabric-data-attachment-api-v1 1.8.14+97214db32c
	   |-- fabric-data-generation-api-v1 23.2.8+2e1c6d322c
	   |-- fabric-dimensions-v1 4.0.20+948fc79a2c
	   |-- fabric-entity-events-v1 2.1.2+c9e472732c
	   |-- fabric-events-interaction-v0 4.0.26+946bf4c32c
	   |-- fabric-game-rule-api-v1 1.0.73+c64c9c5b2c
	   |-- fabric-item-api-v1 11.5.0+02ce13f42c
	   |-- fabric-item-group-api-v1 4.2.14+c5f9bbc12c
	   |-- fabric-key-binding-api-v1 1.0.65+946bf4c32c
	   |-- fabric-lifecycle-events-v1 2.6.4+db4dfd852c
	   |-- fabric-loot-api-v2 3.0.56+3f89f5a52c
	   |-- fabric-loot-api-v3 2.0.3+946bf4c32c
	   |-- fabric-message-api-v1 6.1.2+946bf4c32c
	   |-- fabric-model-loading-api-v1 5.2.8+946bf4c32c
	   |-- fabric-networking-api-v1 5.1.0+57cb96dd2c
	   |-- fabric-object-builder-api-v1 21.1.10+946bf4c32c
	   |-- fabric-particles-v1 4.1.10+946bf4c32c
	   |-- fabric-recipe-api-v1 8.1.17+946bf4c32c
	   |-- fabric-registry-sync-v0 6.1.30+946bf4c32c
	   |-- fabric-renderer-api-v1 7.0.5+208eed172c
	   |-- fabric-renderer-indigo 4.0.5+946bf4c32c
	   |-- fabric-rendering-fluids-v1 3.1.31+fa6cb72b2c
	   |-- fabric-rendering-v1 12.6.0+486b7ff72c
	   |-- fabric-resource-conditions-api-v1 5.0.25+98e6d6db2c
	   |-- fabric-resource-loader-v0 3.1.12+020423442c
	   |-- fabric-screen-api-v1 2.2.0+e0cb65d02c
	   |-- fabric-screen-handler-api-v1 1.3.139+946bf4c32c
	   |-- fabric-serialization-api-v1 1.0.0+fc0e5aba2c
	   |-- fabric-sound-api-v1 1.0.42+946bf4c32c
	   |-- fabric-tag-api-v1 1.2.2+946bf4c32c
	   |-- fabric-transfer-api-v1 6.0.6+946bf4c32c
	   \-- fabric-transitive-access-wideners-v1 6.5.0+c847ce762c
	- fabricloader 0.19.2
	   \-- mixinextras 0.5.4
	- java 21
	- minecraft 1.21.8
	- quietly 1.0.0+fabric1.21.1-1.21.10
[21:19:39] [main/INFO]: SpongePowered MIXIN Subsystem Version=0.8.7 Source=file:/C:/Users/mckafei/Desktop/1.21.8Fa/libraries/net/fabricmc/sponge-mixin/0.17.2+mixin.0.8.7/sponge-mixin-0.17.2+mixin.0.8.7.jar Service=Knot/Fabric Env=SERVER
[21:19:39] [main/INFO]: Compatibility level set to JAVA_21
[21:19:39] [main/ERROR]: Mixin prepare for mod quietly failed preparing BarrelBlockEntityMixin in quietly.mixins.json: org.spongepowered.asm.mixin.transformer.throwables.InvalidMixinException Cannot load class cn.kafei.mixin.BarrelBlockEntityMixin in environment type SERVER
org.spongepowered.asm.mixin.transformer.throwables.InvalidMixinException: Cannot load class cn.kafei.mixin.BarrelBlockEntityMixin in environment type SERVER
	at org.spongepowered.asm.mixin.transformer.MixinInfo.<init>(MixinInfo.java:886) ~[sponge-mixin-0.17.2+mixin.0.8.7.jar:0.17.2+mixin.0.8.7]
	at org.spongepowered.asm.mixin.transformer.MixinConfig.prepareMixins(MixinConfig.java:933) ~[sponge-mixin-0.17.2+mixin.0.8.7.jar:0.17.2+mixin.0.8.7]
	at org.spongepowered.asm.mixin.transformer.MixinConfig.prepare(MixinConfig.java:858) ~[sponge-mixin-0.17.2+mixin.0.8.7.jar:0.17.2+mixin.0.8.7]
	at org.spongepowered.asm.mixin.transformer.MixinProcessor.prepareConfigs(MixinProcessor.java:587) [sponge-mixin-0.17.2+mixin.0.8.7.jar:0.17.2+mixin.0.8.7]
	at org.spongepowered.asm.mixin.transformer.MixinProcessor.select(MixinProcessor.java:509) [sponge-mixin-0.17.2+mixin.0.8.7.jar:0.17.2+mixin.0.8.7]
	at org.spongepowered.asm.mixin.transformer.MixinProcessor.checkSelect(MixinProcessor.java:485) [sponge-mixin-0.17.2+mixin.0.8.7.jar:0.17.2+mixin.0.8.7]
	at org.spongepowered.asm.mixin.transformer.MixinProcessor.lockAndSelect(MixinProcessor.java:437) [sponge-mixin-0.17.2+mixin.0.8.7.jar:0.17.2+mixin.0.8.7]
	at org.spongepowered.asm.mixin.transformer.MixinProcessor.couldTransformClass(MixinProcessor.java:397) [sponge-mixin-0.17.2+mixin.0.8.7.jar:0.17.2+mixin.0.8.7]
	at org.spongepowered.asm.mixin.transformer.MixinTransformer.couldTransformClass(MixinTransformer.java:265) [sponge-mixin-0.17.2+mixin.0.8.7.jar:0.17.2+mixin.0.8.7]
	at org.spongepowered.asm.mixin.transformer.MixinTransformer.transformClass(MixinTransformer.java:233) [sponge-mixin-0.17.2+mixin.0.8.7.jar:0.17.2+mixin.0.8.7]
	at org.spongepowered.asm.mixin.transformer.MixinTransformer.transformClassBytes(MixinTransformer.java:202) [sponge-mixin-0.17.2+mixin.0.8.7.jar:0.17.2+mixin.0.8.7]
	at net.fabricmc.loader.impl.launch.knot.KnotClassDelegate.getPostMixinClassByteArray(KnotClassDelegate.java:435) [fabric-loader-0.19.2.jar:?]
	at net.fabricmc.loader.impl.launch.knot.KnotClassDelegate.tryLoadClass(KnotClassDelegate.java:336) [fabric-loader-0.19.2.jar:?]
	at net.fabricmc.loader.impl.launch.knot.KnotClassDelegate.loadClass(KnotClassDelegate.java:231) [fabric-loader-0.19.2.jar:?]
	at net.fabricmc.loader.impl.launch.knot.KnotClassLoader.loadClass(KnotClassLoader.java:119) [fabric-loader-0.19.2.jar:?]
	at java.base/java.lang.ClassLoader.loadClass(ClassLoader.java:526) [?:?]
	at net.fabricmc.loader.impl.game.minecraft.MinecraftGameProvider.launch(MinecraftGameProvider.java:507) [fabric-loader-0.19.2.jar:?]
	at net.fabricmc.loader.impl.launch.knot.Knot.launch(Knot.java:72) [fabric-loader-0.19.2.jar:?]
	at net.fabricmc.loader.impl.launch.knot.KnotServer.main(KnotServer.java:23) [fabric-loader-0.19.2.jar:?]
	at net.fabricmc.loader.impl.launch.server.FabricServerLauncher.main(FabricServerLauncher.java:69) [fabric-loader-0.19.2.jar:?]
	at net.fabricmc.installer.ServerLauncher.main(ServerLauncher.java:69) [Fabric-1.21.8.jar:0.11.2]
Caused by: java.lang.RuntimeException: Cannot load class cn.kafei.mixin.BarrelBlockEntityMixin in environment type SERVER
	at net.fabricmc.loader.impl.transformer.FabricTransformer.transform(FabricTransformer.java:61) ~[fabric-loader-0.19.2.jar:?]
	at net.fabricmc.loader.impl.launch.knot.KnotClassDelegate.getPreMixinClassByteArray(KnotClassDelegate.java:475) ~[fabric-loader-0.19.2.jar:?]
	at net.fabricmc.loader.impl.launch.knot.KnotClassDelegate.getPreMixinClassBytes(KnotClassDelegate.java:446) ~[fabric-loader-0.19.2.jar:?]
	at net.fabricmc.loader.impl.launch.knot.Knot.getClassByteArray(Knot.java:308) ~[fabric-loader-0.19.2.jar:?]
	at net.fabricmc.loader.impl.launch.knot.MixinServiceKnot.getClassBytes(MixinServiceKnot.java:63) ~[fabric-loader-0.19.2.jar:?]
	at net.fabricmc.loader.impl.launch.knot.MixinServiceKnot.getClassNode(MixinServiceKnot.java:84) ~[fabric-loader-0.19.2.jar:?]
	at org.spongepowered.asm.mixin.transformer.MixinInfo.loadMixinClass(MixinInfo.java:1332) ~[sponge-mixin-0.17.2+mixin.0.8.7.jar:0.17.2+mixin.0.8.7]
	at org.spongepowered.asm.mixin.transformer.MixinInfo.<init>(MixinInfo.java:879) ~[sponge-mixin-0.17.2+mixin.0.8.7.jar:0.17.2+mixin.0.8.7]
	... 20 more
[21:19:39] [main/ERROR]: Uncaught exception in thread "main"
java.lang.RuntimeException: An exception occurred when launching the server!
	at net.fabricmc.loader.impl.launch.server.FabricServerLauncher.main(FabricServerLauncher.java:71) ~[fabric-loader-0.19.2.jar:?]
	at net.fabricmc.installer.ServerLauncher.main(ServerLauncher.java:69) ~[Fabric-1.21.8.jar:0.11.2]
Caused by: java.lang.RuntimeException: Mixin transformation of net.minecraft.server.Main failed
	at net.fabricmc.loader.impl.launch.knot.KnotClassDelegate.getPostMixinClassByteArray(KnotClassDelegate.java:440) ~[fabric-loader-0.19.2.jar:?]
	at net.fabricmc.loader.impl.launch.knot.KnotClassDelegate.tryLoadClass(KnotClassDelegate.java:336) ~[fabric-loader-0.19.2.jar:?]
	at net.fabricmc.loader.impl.launch.knot.KnotClassDelegate.loadClass(KnotClassDelegate.java:231) ~[fabric-loader-0.19.2.jar:?]
	at net.fabricmc.loader.impl.launch.knot.KnotClassLoader.loadClass(KnotClassLoader.java:119) ~[fabric-loader-0.19.2.jar:?]
	at java.base/java.lang.ClassLoader.loadClass(ClassLoader.java:526) ~[?:?]
	at net.fabricmc.loader.impl.game.minecraft.MinecraftGameProvider.launch(MinecraftGameProvider.java:507) ~[fabric-loader-0.19.2.jar:?]
	at net.fabricmc.loader.impl.launch.knot.Knot.launch(Knot.java:72) ~[fabric-loader-0.19.2.jar:?]
	at net.fabricmc.loader.impl.launch.knot.KnotServer.main(KnotServer.java:23) ~[fabric-loader-0.19.2.jar:?]
	at net.fabricmc.loader.impl.launch.server.FabricServerLauncher.main(FabricServerLauncher.java:69) ~[fabric-loader-0.19.2.jar:?]
	... 1 more
Caused by: org.spongepowered.asm.mixin.throwables.MixinApplyError: Mixin [quietly.mixins.json:BarrelBlockEntityMixin from mod quietly] from phase [DEFAULT] in config [quietly.mixins.json] FAILED during PREPARE
	at org.spongepowered.asm.mixin.transformer.MixinProcessor.handleMixinError(MixinProcessor.java:685) ~[sponge-mixin-0.17.2+mixin.0.8.7.jar:0.17.2+mixin.0.8.7]
	at org.spongepowered.asm.mixin.transformer.MixinProcessor.handleMixinPrepareError(MixinProcessor.java:632) ~[sponge-mixin-0.17.2+mixin.0.8.7.jar:0.17.2+mixin.0.8.7]
	at org.spongepowered.asm.mixin.transformer.MixinProcessor.prepareConfigs(MixinProcessor.java:590) ~[sponge-mixin-0.17.2+mixin.0.8.7.jar:0.17.2+mixin.0.8.7]
	at org.spongepowered.asm.mixin.transformer.MixinProcessor.select(MixinProcessor.java:509) ~[sponge-mixin-0.17.2+mixin.0.8.7.jar:0.17.2+mixin.0.8.7]
	at org.spongepowered.asm.mixin.transformer.MixinProcessor.checkSelect(MixinProcessor.java:485) ~[sponge-mixin-0.17.2+mixin.0.8.7.jar:0.17.2+mixin.0.8.7]
	at org.spongepowered.asm.mixin.transformer.MixinProcessor.lockAndSelect(MixinProcessor.java:437) ~[sponge-mixin-0.17.2+mixin.0.8.7.jar:0.17.2+mixin.0.8.7]
	at org.spongepowered.asm.mixin.transformer.MixinProcessor.couldTransformClass(MixinProcessor.java:397) ~[sponge-mixin-0.17.2+mixin.0.8.7.jar:0.17.2+mixin.0.8.7]
	at org.spongepowered.asm.mixin.transformer.MixinTransformer.couldTransformClass(MixinTransformer.java:265) ~[sponge-mixin-0.17.2+mixin.0.8.7.jar:0.17.2+mixin.0.8.7]
	at org.spongepowered.asm.mixin.transformer.MixinTransformer.transformClass(MixinTransformer.java:233) ~[sponge-mixin-0.17.2+mixin.0.8.7.jar:0.17.2+mixin.0.8.7]
	at org.spongepowered.asm.mixin.transformer.MixinTransformer.transformClassBytes(MixinTransformer.java:202) ~[sponge-mixin-0.17.2+mixin.0.8.7.jar:0.17.2+mixin.0.8.7]
	at net.fabricmc.loader.impl.launch.knot.KnotClassDelegate.getPostMixinClassByteArray(KnotClassDelegate.java:435) ~[fabric-loader-0.19.2.jar:?]
	at net.fabricmc.loader.impl.launch.knot.KnotClassDelegate.tryLoadClass(KnotClassDelegate.java:336) ~[fabric-loader-0.19.2.jar:?]
	at net.fabricmc.loader.impl.launch.knot.KnotClassDelegate.loadClass(KnotClassDelegate.java:231) ~[fabric-loader-0.19.2.jar:?]
	at net.fabricmc.loader.impl.launch.knot.KnotClassLoader.loadClass(KnotClassLoader.java:119) ~[fabric-loader-0.19.2.jar:?]
	at java.base/java.lang.ClassLoader.loadClass(ClassLoader.java:526) ~[?:?]
	at net.fabricmc.loader.impl.game.minecraft.MinecraftGameProvider.launch(MinecraftGameProvider.java:507) ~[fabric-loader-0.19.2.jar:?]
	at net.fabricmc.loader.impl.launch.knot.Knot.launch(Knot.java:72) ~[fabric-loader-0.19.2.jar:?]
	at net.fabricmc.loader.impl.launch.knot.KnotServer.main(KnotServer.java:23) ~[fabric-loader-0.19.2.jar:?]
	at net.fabricmc.loader.impl.launch.server.FabricServerLauncher.main(FabricServerLauncher.java:69) ~[fabric-loader-0.19.2.jar:?]
	... 1 more
Caused by: org.spongepowered.asm.mixin.transformer.throwables.InvalidMixinException: Cannot load class cn.kafei.mixin.BarrelBlockEntityMixin in environment type SERVER
	at org.spongepowered.asm.mixin.transformer.MixinInfo.<init>(MixinInfo.java:886) ~[sponge-mixin-0.17.2+mixin.0.8.7.jar:0.17.2+mixin.0.8.7]
	at org.spongepowered.asm.mixin.transformer.MixinConfig.prepareMixins(MixinConfig.java:933) ~[sponge-mixin-0.17.2+mixin.0.8.7.jar:0.17.2+mixin.0.8.7]
	at org.spongepowered.asm.mixin.transformer.MixinConfig.prepare(MixinConfig.java:858) ~[sponge-mixin-0.17.2+mixin.0.8.7.jar:0.17.2+mixin.0.8.7]
	at org.spongepowered.asm.mixin.transformer.MixinProcessor.prepareConfigs(MixinProcessor.java:587) ~[sponge-mixin-0.17.2+mixin.0.8.7.jar:0.17.2+mixin.0.8.7]
	at org.spongepowered.asm.mixin.transformer.MixinProcessor.select(MixinProcessor.java:509) ~[sponge-mixin-0.17.2+mixin.0.8.7.jar:0.17.2+mixin.0.8.7]
	at org.spongepowered.asm.mixin.transformer.MixinProcessor.checkSelect(MixinProcessor.java:485) ~[sponge-mixin-0.17.2+mixin.0.8.7.jar:0.17.2+mixin.0.8.7]
	at org.spongepowered.asm.mixin.transformer.MixinProcessor.lockAndSelect(MixinProcessor.java:437) ~[sponge-mixin-0.17.2+mixin.0.8.7.jar:0.17.2+mixin.0.8.7]
	at org.spongepowered.asm.mixin.transformer.MixinProcessor.couldTransformClass(MixinProcessor.java:397) ~[sponge-mixin-0.17.2+mixin.0.8.7.jar:0.17.2+mixin.0.8.7]
	at org.spongepowered.asm.mixin.transformer.MixinTransformer.couldTransformClass(MixinTransformer.java:265) ~[sponge-mixin-0.17.2+mixin.0.8.7.jar:0.17.2+mixin.0.8.7]
	at org.spongepowered.asm.mixin.transformer.MixinTransformer.transformClass(MixinTransformer.java:233) ~[sponge-mixin-0.17.2+mixin.0.8.7.jar:0.17.2+mixin.0.8.7]
	at org.spongepowered.asm.mixin.transformer.MixinTransformer.transformClassBytes(MixinTransformer.java:202) ~[sponge-mixin-0.17.2+mixin.0.8.7.jar:0.17.2+mixin.0.8.7]
	at net.fabricmc.loader.impl.launch.knot.KnotClassDelegate.getPostMixinClassByteArray(KnotClassDelegate.java:435) ~[fabric-loader-0.19.2.jar:?]
	at net.fabricmc.loader.impl.launch.knot.KnotClassDelegate.tryLoadClass(KnotClassDelegate.java:336) ~[fabric-loader-0.19.2.jar:?]
	at net.fabricmc.loader.impl.launch.knot.KnotClassDelegate.loadClass(KnotClassDelegate.java:231) ~[fabric-loader-0.19.2.jar:?]
	at net.fabricmc.loader.impl.launch.knot.KnotClassLoader.loadClass(KnotClassLoader.java:119) ~[fabric-loader-0.19.2.jar:?]
	at java.base/java.lang.ClassLoader.loadClass(ClassLoader.java:526) ~[?:?]
	at net.fabricmc.loader.impl.game.minecraft.MinecraftGameProvider.launch(MinecraftGameProvider.java:507) ~[fabric-loader-0.19.2.jar:?]
	at net.fabricmc.loader.impl.launch.knot.Knot.launch(Knot.java:72) ~[fabric-loader-0.19.2.jar:?]
	at net.fabricmc.loader.impl.launch.knot.KnotServer.main(KnotServer.java:23) ~[fabric-loader-0.19.2.jar:?]
	at net.fabricmc.loader.impl.launch.server.FabricServerLauncher.main(FabricServerLauncher.java:69) ~[fabric-loader-0.19.2.jar:?]
	... 1 more
Caused by: java.lang.RuntimeException: Cannot load class cn.kafei.mixin.BarrelBlockEntityMixin in environment type SERVER
	at net.fabricmc.loader.impl.transformer.FabricTransformer.transform(FabricTransformer.java:61) ~[fabric-loader-0.19.2.jar:?]
	at net.fabricmc.loader.impl.launch.knot.KnotClassDelegate.getPreMixinClassByteArray(KnotClassDelegate.java:475) ~[fabric-loader-0.19.2.jar:?]
	at net.fabricmc.loader.impl.launch.knot.KnotClassDelegate.getPreMixinClassBytes(KnotClassDelegate.java:446) ~[fabric-loader-0.19.2.jar:?]
	at net.fabricmc.loader.impl.launch.knot.Knot.getClassByteArray(Knot.java:308) ~[fabric-loader-0.19.2.jar:?]
	at net.fabricmc.loader.impl.launch.knot.MixinServiceKnot.getClassBytes(MixinServiceKnot.java:63) ~[fabric-loader-0.19.2.jar:?]
	at net.fabricmc.loader.impl.launch.knot.MixinServiceKnot.getClassNode(MixinServiceKnot.java:84) ~[fabric-loader-0.19.2.jar:?]
	at org.spongepowered.asm.mixin.transformer.MixinInfo.loadMixinClass(MixinInfo.java:1332) ~[sponge-mixin-0.17.2+mixin.0.8.7.jar:0.17.2+mixin.0.8.7]
	at org.spongepowered.asm.mixin.transformer.MixinInfo.<init>(MixinInfo.java:879) ~[sponge-mixin-0.17.2+mixin.0.8.7.jar:0.17.2+mixin.0.8.7]
	at org.spongepowered.asm.mixin.transformer.MixinConfig.prepareMixins(MixinConfig.java:933) ~[sponge-mixin-0.17.2+mixin.0.8.7.jar:0.17.2+mixin.0.8.7]
	at org.spongepowered.asm.mixin.transformer.MixinConfig.prepare(MixinConfig.java:858) ~[sponge-mixin-0.17.2+mixin.0.8.7.jar:0.17.2+mixin.0.8.7]
	at org.spongepowered.asm.mixin.transformer.MixinProcessor.prepareConfigs(MixinProcessor.java:587) ~[sponge-mixin-0.17.2+mixin.0.8.7.jar:0.17.2+mixin.0.8.7]
	at org.spongepowered.asm.mixin.transformer.MixinProcessor.select(MixinProcessor.java:509) ~[sponge-mixin-0.17.2+mixin.0.8.7.jar:0.17.2+mixin.0.8.7]
	at org.spongepowered.asm.mixin.transformer.MixinProcessor.checkSelect(MixinProcessor.java:485) ~[sponge-mixin-0.17.2+mixin.0.8.7.jar:0.17.2+mixin.0.8.7]
	at org.spongepowered.asm.mixin.transformer.MixinProcessor.lockAndSelect(MixinProcessor.java:437) ~[sponge-mixin-0.17.2+mixin.0.8.7.jar:0.17.2+mixin.0.8.7]
	at org.spongepowered.asm.mixin.transformer.MixinProcessor.couldTransformClass(MixinProcessor.java:397) ~[sponge-mixin-0.17.2+mixin.0.8.7.jar:0.17.2+mixin.0.8.7]
	at org.spongepowered.asm.mixin.transformer.MixinTransformer.couldTransformClass(MixinTransformer.java:265) ~[sponge-mixin-0.17.2+mixin.0.8.7.jar:0.17.2+mixin.0.8.7]
	at org.spongepowered.asm.mixin.transformer.MixinTransformer.transformClass(MixinTransformer.java:233) ~[sponge-mixin-0.17.2+mixin.0.8.7.jar:0.17.2+mixin.0.8.7]
	at org.spongepowered.asm.mixin.transformer.MixinTransformer.transformClassBytes(MixinTransformer.java:202) ~[sponge-mixin-0.17.2+mixin.0.8.7.jar:0.17.2+mixin.0.8.7]
	at net.fabricmc.loader.impl.launch.knot.KnotClassDelegate.getPostMixinClassByteArray(KnotClassDelegate.java:435) ~[fabric-loader-0.19.2.jar:?]
	at net.fabricmc.loader.impl.launch.knot.KnotClassDelegate.tryLoadClass(KnotClassDelegate.java:336) ~[fabric-loader-0.19.2.jar:?]
	at net.fabricmc.loader.impl.launch.knot.KnotClassDelegate.loadClass(KnotClassDelegate.java:231) ~[fabric-loader-0.19.2.jar:?]
	at net.fabricmc.loader.impl.launch.knot.KnotClassLoader.loadClass(KnotClassLoader.java:119) ~[fabric-loader-0.19.2.jar:?]
	at java.base/java.lang.ClassLoader.loadClass(ClassLoader.java:526) ~[?:?]
	at net.fabricmc.loader.impl.game.minecraft.MinecraftGameProvider.launch(MinecraftGameProvider.java:507) ~[fabric-loader-0.19.2.jar:?]
	at net.fabricmc.loader.impl.launch.knot.Knot.launch(Knot.java:72) ~[fabric-loader-0.19.2.jar:?]
	at net.fabricmc.loader.impl.launch.knot.KnotServer.main(KnotServer.java:23) ~[fabric-loader-0.19.2.jar:?]
	at net.fabricmc.loader.impl.launch.server.FabricServerLauncher.main(FabricServerLauncher.java:69) ~[fabric-loader-0.19.2.jar:?]
	... 1 more
